<?xml version="1.0" encoding="UTF-8"?>
<testsuite xmlns:xsi="http://www.w3.org/2001/XMLSchema-instance" xsi:noNamespaceSchemaLocation="https://maven.apache.org/surefire/maven-surefire-plugin/xsd/surefire-test-report.xsd" version="3.0.2" name="com.marketregimeanalyzer.feature.FeatureServiceTest" time="0.04" tests="7" errors="0" skipped="0" failures="0" flakes="0">
  <properties>
[...]
</properties>
  <testcase name="oscillatingRangeProducesReversalsAndOscillationScore" classname="com.marketregimeanalyzer.feature.FeatureServiceTest" time="0.016"/>
  <testcase name="rejectsFutureOrUnconfirmedCandles" classname="com.marketregimeanalyzer.feature.FeatureServiceTest" time="0.0"/>
  <testcase name="breakoutDataProducesRangeBreaksAndBreakoutRisk" classname="com.marketregimeanalyzer.feature.FeatureServiceTest" time="0.005"/>
  <testcase name="constantPriceProducesStableNonDummyFeatureValues" classname="com.marketregimeanalyzer.feature.FeatureServiceTest" time="0.002"/>
  <testcase name="rejectsInsufficientCandles" classname="com.marketregimeanalyzer.feature.FeatureServiceTest" time="0.001"/>
  <testcase name="allScoreFeaturesStayWithinTheirDefinedBounds" classname="com.marketregimeanalyzer.feature.FeatureServiceTest" time="0.006"/>
  <testcase name="oneWayTrendProducesHighEfficiencyAndTrendStrength" classname="com.marketregimeanalyzer.feature.FeatureServiceTest" time="0.007"/>
</testsuite>